-------------------------------------------------------------------------------
Test set: com.digitalhouse.movieservice.MovieServiceApplicationTests
-------------------------------------------------------------------------------
Tests run: 1, Failures: 0, Errors: 1, Skipped: 0, Time elapsed: 14.584 s <<< FAILURE! - in com.digitalhouse.movieservice.MovieServiceApplicationTests
contextLoads  Time elapsed: 0 s  <<< ERROR!
java.lang.IllegalStateException: Failed to load ApplicationContext
Caused by: org.springframework.web.client.ResourceAccessException: I/O error on GET request for "http://eureka-service:8761/eureka/apps/": eureka-service; nested exception is java.net.UnknownHostException: eureka-service
Caused by: java.net.UnknownHostException: eureka-service

